{
  "RSpec": {
    "coverage": {
      "/home/jmervine/personal/duality/lib/duality.rb": [
        1,
        null,
        1,
        1,
        null,
        1,
        null,
        9,
        8,
        8,
        8,
        null,
        null,
        null,
        null,
        null,
        1,
        7,
        null,
        1,
        null,
        null,
        1,
        1,
        null,
        1,
        null,
        null,
        1,
        1,
        null,
        1,
        null,
        null,
        null,
        1,
        3,
        3,
        3,
        null,
        null,
        null,
        3,
        null,
        1,
        1,
        null,
        null,
        1,
        null,
        1,
        null,
        null,
        null,
        null,
        1,
        2,
        1,
        1,
        null,
        1,
        null,
        1,
        null,
        null,
        1,
        1,
        1,
        1,
        1,
        1,
        1,
        null,
        null,
        1,
        9,
        9,
        9,
        null,
        0,
        null,
        0,
        null,
        9,
        9,
        null,
        0,
        null,
        0,
        null,
        9,
        null,
        null,
        1,
        null,
        null,
        1,
        null,
        null
      ]
    },
    "timestamp": 1342823538
  }
}
